{"C:\\Users\\Jancarlo\\Documents\\Cursos\\Nodejs\\vende-tus-productos-api\\index.js": {"path":"C:\\Users\\Jancarlo\\Documents\\Cursos\\Nodejs\\vende-tus-productos-api\\index.js","statementMap":{"0":{"start":{"line":1,"column":16},"end":{"line":1,"column":34}},"1":{"start":{"line":2,"column":15},"end":{"line":2,"column":40}},"2":{"start":{"line":4,"column":15},"end":{"line":4,"column":34}},"3":{"start":{"line":5,"column":21},"end":{"line":5,"column":55}},"4":{"start":{"line":7,"column":19},"end":{"line":7,"column":41}},"5":{"start":{"line":8,"column":15},"end":{"line":8,"column":32}},"6":{"start":{"line":9,"column":17},"end":{"line":9,"column":36}},"7":{"start":{"line":12,"column":16},"end":{"line":12,"column":42}},"8":{"start":{"line":15,"column":23},"end":{"line":15,"column":74}},"9":{"start":{"line":16,"column":22},"end":{"line":16,"column":72}},"10":{"start":{"line":19,"column":17},"end":{"line":19,"column":36}},"11":{"start":{"line":20,"column":22},"end":{"line":20,"column":60}},"12":{"start":{"line":23,"column":0},"end":{"line":23,"column":60}},"13":{"start":{"line":24,"column":0},"end":{"line":27,"column":3}},"14":{"start":{"line":25,"column":4},"end":{"line":25,"column":47}},"15":{"start":{"line":26,"column":4},"end":{"line":26,"column":19}},"16":{"start":{"line":29,"column":0},"end":{"line":29,"column":38}},"17":{"start":{"line":31,"column":0},"end":{"line":31,"column":21}},"18":{"start":{"line":32,"column":12},"end":{"line":32,"column":21}},"19":{"start":{"line":33,"column":0},"end":{"line":33,"column":26}},"20":{"start":{"line":34,"column":0},"end":{"line":38,"column":3}},"21":{"start":{"line":36,"column":26},"end":{"line":36,"column":53}},"22":{"start":{"line":40,"column":0},"end":{"line":40,"column":30}},"23":{"start":{"line":42,"column":0},"end":{"line":42,"column":36}},"24":{"start":{"line":43,"column":0},"end":{"line":43,"column":35}},"25":{"start":{"line":45,"column":0},"end":{"line":45,"column":35}},"26":{"start":{"line":46,"column":0},"end":{"line":50,"column":1}},"27":{"start":{"line":47,"column":4},"end":{"line":47,"column":45}},"28":{"start":{"line":49,"column":4},"end":{"line":49,"column":44}},"29":{"start":{"line":52,"column":0},"end":{"line":55,"column":2}},"30":{"start":{"line":53,"column":4},"end":{"line":53,"column":41}},"31":{"start":{"line":54,"column":4},"end":{"line":54,"column":39}},"32":{"start":{"line":57,"column":15},"end":{"line":59,"column":2}},"33":{"start":{"line":58,"column":4},"end":{"line":58,"column":47}},"34":{"start":{"line":61,"column":0},"end":{"line":63,"column":1}}},"fnMap":{"0":{"name":"(anonymous_0)","decl":{"start":{"line":24,"column":32},"end":{"line":24,"column":33}},"loc":{"start":{"line":24,"column":38},"end":{"line":27,"column":1}},"line":24},"1":{"name":"(anonymous_1)","decl":{"start":{"line":36,"column":15},"end":{"line":36,"column":16}},"loc":{"start":{"line":36,"column":26},"end":{"line":36,"column":53}},"line":36},"2":{"name":"(anonymous_2)","decl":{"start":{"line":52,"column":59},"end":{"line":52,"column":60}},"loc":{"start":{"line":52,"column":72},"end":{"line":55,"column":1}},"line":52},"3":{"name":"(anonymous_3)","decl":{"start":{"line":57,"column":41},"end":{"line":57,"column":42}},"loc":{"start":{"line":57,"column":47},"end":{"line":59,"column":1}},"line":57}},"branchMap":{"0":{"loc":{"start":{"line":46,"column":0},"end":{"line":50,"column":1}},"type":"if","locations":[{"start":{"line":46,"column":0},"end":{"line":50,"column":1}},{"start":{"line":46,"column":0},"end":{"line":50,"column":1}}],"line":46}},"s":{"0":2,"1":2,"2":2,"3":2,"4":2,"5":2,"6":2,"7":2,"8":2,"9":2,"10":2,"11":2,"12":2,"13":2,"14":0,"15":0,"16":2,"17":2,"18":2,"19":2,"20":2,"21":48,"22":2,"23":2,"24":2,"25":2,"26":2,"27":0,"28":2,"29":2,"30":0,"31":0,"32":2,"33":2,"34":2},"f":{"0":0,"1":48,"2":0,"3":2},"b":{"0":[0,2]},"_coverageSchema":"1a1c01bbd47fc00a2c39e90264f33305004495a9","hash":"827a503bb5f607252057e6f185c8c179d441de56"}
,"C:\\Users\\Jancarlo\\Documents\\Cursos\\Nodejs\\vende-tus-productos-api\\api\\libs\\auth.js": {"path":"C:\\Users\\Jancarlo\\Documents\\Cursos\\Nodejs\\vende-tus-productos-api\\api\\libs\\auth.js","statementMap":{"0":{"start":{"line":1,"column":12},"end":{"line":1,"column":43}},"1":{"start":{"line":2,"column":15},"end":{"line":2,"column":32}},"2":{"start":{"line":4,"column":20},"end":{"line":4,"column":43}},"3":{"start":{"line":5,"column":15},"end":{"line":5,"column":38}},"4":{"start":{"line":6,"column":26},"end":{"line":6,"column":77}},"5":{"start":{"line":10,"column":17},"end":{"line":13,"column":1}},"6":{"start":{"line":15,"column":0},"end":{"line":36,"column":2}},"7":{"start":{"line":17,"column":4},"end":{"line":34,"column":6}},"8":{"start":{"line":18,"column":8},"end":{"line":22,"column":9}},"9":{"start":{"line":19,"column":12},"end":{"line":19,"column":90}},"10":{"start":{"line":20,"column":12},"end":{"line":20,"column":29}},"11":{"start":{"line":21,"column":12},"end":{"line":21,"column":18}},"12":{"start":{"line":23,"column":8},"end":{"line":23,"column":101}},"13":{"start":{"line":24,"column":8},"end":{"line":27,"column":10}},"14":{"start":{"line":31,"column":8},"end":{"line":31,"column":40}},"15":{"start":{"line":32,"column":8},"end":{"line":32,"column":69}},"16":{"start":{"line":33,"column":8},"end":{"line":33,"column":17}}},"fnMap":{"0":{"name":"(anonymous_0)","decl":{"start":{"line":15,"column":54},"end":{"line":15,"column":55}},"loc":{"start":{"line":15,"column":76},"end":{"line":36,"column":1}},"line":15},"1":{"name":"(anonymous_1)","decl":{"start":{"line":17,"column":65},"end":{"line":17,"column":66}},"loc":{"start":{"line":17,"column":76},"end":{"line":29,"column":5}},"line":17},"2":{"name":"(anonymous_2)","decl":{"start":{"line":30,"column":12},"end":{"line":30,"column":13}},"loc":{"start":{"line":30,"column":19},"end":{"line":34,"column":5}},"line":30}},"branchMap":{"0":{"loc":{"start":{"line":18,"column":8},"end":{"line":22,"column":9}},"type":"if","locations":[{"start":{"line":18,"column":8},"end":{"line":22,"column":9}},{"start":{"line":18,"column":8},"end":{"line":22,"column":9}}],"line":18}},"s":{"0":2,"1":2,"2":2,"3":2,"4":2,"5":2,"6":2,"7":16,"8":16,"9":0,"10":0,"11":0,"12":16,"13":16,"14":0,"15":0,"16":0},"f":{"0":16,"1":16,"2":0},"b":{"0":[0,16]},"_coverageSchema":"1a1c01bbd47fc00a2c39e90264f33305004495a9","hash":"276c8516d0f84075a4b1c04c9f4de0b93558ab80"}
,"C:\\Users\\Jancarlo\\Documents\\Cursos\\Nodejs\\vende-tus-productos-api\\api\\libs\\errorHandler.js": {"path":"C:\\Users\\Jancarlo\\Documents\\Cursos\\Nodejs\\vende-tus-productos-api\\api\\libs\\errorHandler.js","statementMap":{"0":{"start":{"line":1,"column":17},"end":{"line":1,"column":36}},"1":{"start":{"line":2,"column":12},"end":{"line":2,"column":43}},"2":{"start":{"line":4,"column":0},"end":{"line":8,"column":1}},"3":{"start":{"line":5,"column":4},"end":{"line":7,"column":5}},"4":{"start":{"line":6,"column":8},"end":{"line":6,"column":38}},"5":{"start":{"line":10,"column":0},"end":{"line":17,"column":1}},"6":{"start":{"line":11,"column":4},"end":{"line":15,"column":5}},"7":{"start":{"line":12,"column":8},"end":{"line":12,"column":65}},"8":{"start":{"line":13,"column":8},"end":{"line":13,"column":136}},"9":{"start":{"line":14,"column":8},"end":{"line":14,"column":24}},"10":{"start":{"line":16,"column":4},"end":{"line":16,"column":13}},"11":{"start":{"line":19,"column":0},"end":{"line":24,"column":1}},"12":{"start":{"line":20,"column":4},"end":{"line":20,"column":33}},"13":{"start":{"line":21,"column":4},"end":{"line":23,"column":6}},"14":{"start":{"line":26,"column":0},"end":{"line":33,"column":1}},"15":{"start":{"line":27,"column":4},"end":{"line":27,"column":33}},"16":{"start":{"line":28,"column":4},"end":{"line":28,"column":45}},"17":{"start":{"line":29,"column":4},"end":{"line":32,"column":6}}},"fnMap":{"0":{"name":"(anonymous_0)","decl":{"start":{"line":4,"column":26},"end":{"line":4,"column":27}},"loc":{"start":{"line":4,"column":34},"end":{"line":8,"column":1}},"line":4},"1":{"name":"(anonymous_1)","decl":{"start":{"line":5,"column":11},"end":{"line":5,"column":12}},"loc":{"start":{"line":5,"column":36},"end":{"line":7,"column":5}},"line":5},"2":{"name":"(anonymous_2)","decl":{"start":{"line":10,"column":24},"end":{"line":10,"column":25}},"loc":{"start":{"line":10,"column":49},"end":{"line":17,"column":1}},"line":10},"3":{"name":"(anonymous_3)","decl":{"start":{"line":19,"column":30},"end":{"line":19,"column":31}},"loc":{"start":{"line":19,"column":55},"end":{"line":24,"column":1}},"line":19},"4":{"name":"(anonymous_4)","decl":{"start":{"line":26,"column":29},"end":{"line":26,"column":30}},"loc":{"start":{"line":26,"column":54},"end":{"line":33,"column":1}},"line":26}},"branchMap":{"0":{"loc":{"start":{"line":11,"column":4},"end":{"line":15,"column":5}},"type":"if","locations":[{"start":{"line":11,"column":4},"end":{"line":15,"column":5}},{"start":{"line":11,"column":4},"end":{"line":15,"column":5}}],"line":11},"1":{"loc":{"start":{"line":11,"column":7},"end":{"line":11,"column":65}},"type":"binary-expr","locations":[{"start":{"line":11,"column":7},"end":{"line":11,"column":36}},{"start":{"line":11,"column":40},"end":{"line":11,"column":65}}],"line":11},"2":{"loc":{"start":{"line":20,"column":15},"end":{"line":20,"column":32}},"type":"binary-expr","locations":[{"start":{"line":20,"column":15},"end":{"line":20,"column":25}},{"start":{"line":20,"column":29},"end":{"line":20,"column":32}}],"line":20},"3":{"loc":{"start":{"line":27,"column":15},"end":{"line":27,"column":32}},"type":"binary-expr","locations":[{"start":{"line":27,"column":15},"end":{"line":27,"column":25}},{"start":{"line":27,"column":29},"end":{"line":27,"column":32}}],"line":27},"4":{"loc":{"start":{"line":31,"column":15},"end":{"line":31,"column":30}},"type":"binary-expr","locations":[{"start":{"line":31,"column":15},"end":{"line":31,"column":24}},{"start":{"line":31,"column":28},"end":{"line":31,"column":30}}],"line":31}},"s":{"0":2,"1":2,"2":2,"3":16,"4":25,"5":2,"6":9,"7":0,"8":0,"9":0,"10":9,"11":2,"12":0,"13":0,"14":2,"15":9,"16":9,"17":9},"f":{"0":16,"1":25,"2":9,"3":0,"4":9},"b":{"0":[0,9],"1":[9,9],"2":[0,0],"3":[9,0],"4":[9,0]},"_coverageSchema":"1a1c01bbd47fc00a2c39e90264f33305004495a9","hash":"16472b1a178cb943f8113c95add7125887631715"}
,"C:\\Users\\Jancarlo\\Documents\\Cursos\\Nodejs\\vende-tus-productos-api\\api\\recursos\\productos\\productos.controller.js": {"path":"C:\\Users\\Jancarlo\\Documents\\Cursos\\Nodejs\\vende-tus-productos-api\\api\\recursos\\productos\\productos.controller.js","statementMap":{"0":{"start":{"line":2,"column":17},"end":{"line":2,"column":45}},"1":{"start":{"line":20,"column":4},"end":{"line":23,"column":13}},"2":{"start":{"line":27,"column":4},"end":{"line":27,"column":28}},"3":{"start":{"line":31,"column":4},"end":{"line":31,"column":32}},"4":{"start":{"line":35,"column":4},"end":{"line":35,"column":41}},"5":{"start":{"line":39,"column":4},"end":{"line":44,"column":6}},"6":{"start":{"line":46,"column":0},"end":{"line":52,"column":1}}},"fnMap":{"0":{"name":"crearProducto","decl":{"start":{"line":19,"column":9},"end":{"line":19,"column":22}},"loc":{"start":{"line":19,"column":40},"end":{"line":24,"column":1}},"line":19},"1":{"name":"obtenerProductos","decl":{"start":{"line":26,"column":9},"end":{"line":26,"column":25}},"loc":{"start":{"line":26,"column":28},"end":{"line":28,"column":1}},"line":26},"2":{"name":"obtenerProducto","decl":{"start":{"line":30,"column":9},"end":{"line":30,"column":24}},"loc":{"start":{"line":30,"column":29},"end":{"line":32,"column":1}},"line":30},"3":{"name":"borrarProducto","decl":{"start":{"line":34,"column":9},"end":{"line":34,"column":23}},"loc":{"start":{"line":34,"column":28},"end":{"line":36,"column":1}},"line":34},"4":{"name":"reemplazarProducto","decl":{"start":{"line":38,"column":9},"end":{"line":38,"column":27}},"loc":{"start":{"line":38,"column":52},"end":{"line":45,"column":1}},"line":38}},"branchMap":{},"s":{"0":2,"1":1,"2":0,"3":8,"4":1,"5":1,"6":2},"f":{"0":1,"1":0,"2":8,"3":1,"4":1},"b":{},"_coverageSchema":"1a1c01bbd47fc00a2c39e90264f33305004495a9","hash":"a543680e8f6ffc1122573a96c39182b4ef089e64"}
,"C:\\Users\\Jancarlo\\Documents\\Cursos\\Nodejs\\vende-tus-productos-api\\api\\recursos\\productos\\productos.error.js": {"path":"C:\\Users\\Jancarlo\\Documents\\Cursos\\Nodejs\\vende-tus-productos-api\\api\\recursos\\productos\\productos.error.js","statementMap":{"0":{"start":{"line":4,"column":8},"end":{"line":4,"column":22}},"1":{"start":{"line":5,"column":8},"end":{"line":5,"column":89}},"2":{"start":{"line":6,"column":8},"end":{"line":6,"column":25}},"3":{"start":{"line":7,"column":8},"end":{"line":7,"column":38}},"4":{"start":{"line":13,"column":8},"end":{"line":13,"column":22}},"5":{"start":{"line":14,"column":8},"end":{"line":14,"column":98}},"6":{"start":{"line":15,"column":8},"end":{"line":15,"column":25}},"7":{"start":{"line":16,"column":8},"end":{"line":16,"column":38}},"8":{"start":{"line":20,"column":0},"end":{"line":23,"column":1}}},"fnMap":{"0":{"name":"(anonymous_0)","decl":{"start":{"line":3,"column":4},"end":{"line":3,"column":5}},"loc":{"start":{"line":3,"column":25},"end":{"line":8,"column":5}},"line":3},"1":{"name":"(anonymous_1)","decl":{"start":{"line":12,"column":4},"end":{"line":12,"column":5}},"loc":{"start":{"line":12,"column":25},"end":{"line":17,"column":5}},"line":12}},"branchMap":{"0":{"loc":{"start":{"line":5,"column":23},"end":{"line":5,"column":89}},"type":"binary-expr","locations":[{"start":{"line":5,"column":23},"end":{"line":5,"column":30}},{"start":{"line":5,"column":34},"end":{"line":5,"column":89}}],"line":5},"1":{"loc":{"start":{"line":14,"column":23},"end":{"line":14,"column":98}},"type":"binary-expr","locations":[{"start":{"line":14,"column":23},"end":{"line":14,"column":30}},{"start":{"line":14,"column":34},"end":{"line":14,"column":98}}],"line":14}},"s":{"0":3,"1":3,"2":3,"3":3,"4":2,"5":2,"6":2,"7":2,"8":2},"f":{"0":3,"1":2},"b":{"0":[3,0],"1":[2,0]},"_coverageSchema":"1a1c01bbd47fc00a2c39e90264f33305004495a9","hash":"cd956df8df9a78e80083ace653fb7fbc6745081b"}
,"C:\\Users\\Jancarlo\\Documents\\Cursos\\Nodejs\\vende-tus-productos-api\\api\\recursos\\productos\\productos.model.js": {"path":"C:\\Users\\Jancarlo\\Documents\\Cursos\\Nodejs\\vende-tus-productos-api\\api\\recursos\\productos\\productos.model.js","statementMap":{"0":{"start":{"line":1,"column":16},"end":{"line":1,"column":35}},"1":{"start":{"line":3,"column":23},"end":{"line":23,"column":2}},"2":{"start":{"line":25,"column":0},"end":{"line":25,"column":59}}},"fnMap":{},"branchMap":{},"s":{"0":2,"1":2,"2":2},"f":{},"b":{},"_coverageSchema":"1a1c01bbd47fc00a2c39e90264f33305004495a9","hash":"2d1fcfa647cc4983d21faf532d9a897f93c46bfd"}
,"C:\\Users\\Jancarlo\\Documents\\Cursos\\Nodejs\\vende-tus-productos-api\\api\\recursos\\productos\\productos.route.js": {"path":"C:\\Users\\Jancarlo\\Documents\\Cursos\\Nodejs\\vende-tus-productos-api\\api\\recursos\\productos\\productos.route.js","statementMap":{"0":{"start":{"line":1,"column":16},"end":{"line":1,"column":34}},"1":{"start":{"line":2,"column":10},"end":{"line":2,"column":31}},"2":{"start":{"line":4,"column":17},"end":{"line":4,"column":36}},"3":{"start":{"line":5,"column":24},"end":{"line":5,"column":74}},"4":{"start":{"line":7,"column":37},"end":{"line":7,"column":68}},"5":{"start":{"line":8,"column":46},"end":{"line":8,"column":74}},"6":{"start":{"line":10,"column":12},"end":{"line":10,"column":44}},"7":{"start":{"line":12,"column":27},"end":{"line":12,"column":60}},"8":{"start":{"line":15,"column":24},"end":{"line":15,"column":68}},"9":{"start":{"line":18,"column":24},"end":{"line":18,"column":40}},"10":{"start":{"line":20,"column":0},"end":{"line":25,"column":3}},"11":{"start":{"line":21,"column":4},"end":{"line":24,"column":6}},"12":{"start":{"line":23,"column":8},"end":{"line":23,"column":27}},"13":{"start":{"line":27,"column":0},"end":{"line":33,"column":3}},"14":{"start":{"line":28,"column":4},"end":{"line":32,"column":6}},"15":{"start":{"line":30,"column":8},"end":{"line":30,"column":72}},"16":{"start":{"line":31,"column":8},"end":{"line":31,"column":38}},"17":{"start":{"line":35,"column":0},"end":{"line":43,"column":3}},"18":{"start":{"line":36,"column":13},"end":{"line":36,"column":26}},"19":{"start":{"line":37,"column":4},"end":{"line":41,"column":6}},"20":{"start":{"line":39,"column":8},"end":{"line":39,"column":87}},"21":{"start":{"line":39,"column":23},"end":{"line":39,"column":87}},"22":{"start":{"line":40,"column":8},"end":{"line":40,"column":26}},"23":{"start":{"line":45,"column":0},"end":{"line":66,"column":3}},"24":{"start":{"line":46,"column":13},"end":{"line":46,"column":26}},"25":{"start":{"line":47,"column":25},"end":{"line":47,"column":42}},"26":{"start":{"line":50,"column":4},"end":{"line":50,"column":69}},"27":{"start":{"line":52,"column":4},"end":{"line":54,"column":5}},"28":{"start":{"line":53,"column":7},"end":{"line":53,"column":71}},"29":{"start":{"line":56,"column":4},"end":{"line":59,"column":5}},"30":{"start":{"line":57,"column":8},"end":{"line":57,"column":159}},"31":{"start":{"line":58,"column":8},"end":{"line":58,"column":127}},"32":{"start":{"line":61,"column":4},"end":{"line":65,"column":6}},"33":{"start":{"line":63,"column":8},"end":{"line":63,"column":27}},"34":{"start":{"line":64,"column":8},"end":{"line":64,"column":84}},"35":{"start":{"line":68,"column":0},"end":{"line":87,"column":3}},"36":{"start":{"line":69,"column":13},"end":{"line":69,"column":26}},"37":{"start":{"line":72,"column":4},"end":{"line":72,"column":66}},"38":{"start":{"line":73,"column":4},"end":{"line":76,"column":5}},"39":{"start":{"line":74,"column":8},"end":{"line":74,"column":80}},"40":{"start":{"line":75,"column":8},"end":{"line":75,"column":98}},"41":{"start":{"line":78,"column":29},"end":{"line":78,"column":46}},"42":{"start":{"line":79,"column":4},"end":{"line":82,"column":5}},"43":{"start":{"line":80,"column":8},"end":{"line":80,"column":157}},"44":{"start":{"line":81,"column":8},"end":{"line":81,"column":125}},"45":{"start":{"line":84,"column":26},"end":{"line":84,"column":69}},"46":{"start":{"line":85,"column":4},"end":{"line":85,"column":51}},"47":{"start":{"line":86,"column":4},"end":{"line":86,"column":29}},"48":{"start":{"line":89,"column":0},"end":{"line":89,"column":33}}},"fnMap":{"0":{"name":"(anonymous_0)","decl":{"start":{"line":20,"column":41},"end":{"line":20,"column":42}},"loc":{"start":{"line":20,"column":55},"end":{"line":25,"column":1}},"line":20},"1":{"name":"(anonymous_1)","decl":{"start":{"line":22,"column":11},"end":{"line":22,"column":12}},"loc":{"start":{"line":22,"column":24},"end":{"line":24,"column":5}},"line":22},"2":{"name":"(anonymous_2)","decl":{"start":{"line":27,"column":77},"end":{"line":27,"column":78}},"loc":{"start":{"line":27,"column":90},"end":{"line":33,"column":1}},"line":27},"3":{"name":"(anonymous_3)","decl":{"start":{"line":29,"column":11},"end":{"line":29,"column":12}},"loc":{"start":{"line":29,"column":23},"end":{"line":32,"column":5}},"line":29},"4":{"name":"(anonymous_4)","decl":{"start":{"line":35,"column":54},"end":{"line":35,"column":55}},"loc":{"start":{"line":35,"column":67},"end":{"line":43,"column":1}},"line":35},"5":{"name":"(anonymous_5)","decl":{"start":{"line":38,"column":11},"end":{"line":38,"column":12}},"loc":{"start":{"line":38,"column":25},"end":{"line":41,"column":5}},"line":38},"6":{"name":"(anonymous_6)","decl":{"start":{"line":45,"column":81},"end":{"line":45,"column":82}},"loc":{"start":{"line":45,"column":100},"end":{"line":66,"column":1}},"line":45},"7":{"name":"(anonymous_7)","decl":{"start":{"line":62,"column":11},"end":{"line":62,"column":12}},"loc":{"start":{"line":62,"column":23},"end":{"line":65,"column":5}},"line":62},"8":{"name":"(anonymous_8)","decl":{"start":{"line":68,"column":78},"end":{"line":68,"column":79}},"loc":{"start":{"line":68,"column":97},"end":{"line":87,"column":1}},"line":68}},"branchMap":{"0":{"loc":{"start":{"line":39,"column":8},"end":{"line":39,"column":87}},"type":"if","locations":[{"start":{"line":39,"column":8},"end":{"line":39,"column":87}},{"start":{"line":39,"column":8},"end":{"line":39,"column":87}}],"line":39},"1":{"loc":{"start":{"line":52,"column":4},"end":{"line":54,"column":5}},"type":"if","locations":[{"start":{"line":52,"column":4},"end":{"line":54,"column":5}},{"start":{"line":52,"column":4},"end":{"line":54,"column":5}}],"line":52},"2":{"loc":{"start":{"line":56,"column":4},"end":{"line":59,"column":5}},"type":"if","locations":[{"start":{"line":56,"column":4},"end":{"line":59,"column":5}},{"start":{"line":56,"column":4},"end":{"line":59,"column":5}}],"line":56},"3":{"loc":{"start":{"line":73,"column":4},"end":{"line":76,"column":5}},"type":"if","locations":[{"start":{"line":73,"column":4},"end":{"line":76,"column":5}},{"start":{"line":73,"column":4},"end":{"line":76,"column":5}}],"line":73},"4":{"loc":{"start":{"line":79,"column":4},"end":{"line":82,"column":5}},"type":"if","locations":[{"start":{"line":79,"column":4},"end":{"line":82,"column":5}},{"start":{"line":79,"column":4},"end":{"line":82,"column":5}}],"line":79}},"s":{"0":2,"1":2,"2":2,"3":2,"4":2,"5":2,"6":2,"7":2,"8":2,"9":2,"10":2,"11":0,"12":0,"13":2,"14":1,"15":1,"16":1,"17":2,"18":2,"19":2,"20":2,"21":1,"22":1,"23":2,"24":3,"25":3,"26":3,"27":3,"28":1,"29":2,"30":1,"31":1,"32":1,"33":1,"34":1,"35":2,"36":3,"37":3,"38":3,"39":1,"40":1,"41":2,"42":2,"43":1,"44":1,"45":1,"46":1,"47":1,"48":2},"f":{"0":0,"1":0,"2":1,"3":1,"4":2,"5":2,"6":3,"7":1,"8":3},"b":{"0":[1,1],"1":[1,2],"2":[1,1],"3":[1,2],"4":[1,1]},"_coverageSchema":"1a1c01bbd47fc00a2c39e90264f33305004495a9","hash":"d3e2b37782fbebf44e206122fe73299f7268bb91"}
,"C:\\Users\\Jancarlo\\Documents\\Cursos\\Nodejs\\vende-tus-productos-api\\api\\recursos\\productos\\productos.validate.js": {"path":"C:\\Users\\Jancarlo\\Documents\\Cursos\\Nodejs\\vende-tus-productos-api\\api\\recursos\\productos\\productos.validate.js","statementMap":{"0":{"start":{"line":1,"column":12},"end":{"line":1,"column":26}},"1":{"start":{"line":2,"column":12},"end":{"line":2,"column":44}},"2":{"start":{"line":5,"column":26},"end":{"line":9,"column":2}},"3":{"start":{"line":12,"column":24},"end":{"line":24,"column":1}},"4":{"start":{"line":13,"column":20},"end":{"line":13,"column":94}},"5":{"start":{"line":14,"column":4},"end":{"line":23,"column":5}},"6":{"start":{"line":15,"column":8},"end":{"line":15,"column":14}},"7":{"start":{"line":16,"column":8},"end":{"line":16,"column":14}},"8":{"start":{"line":18,"column":34},"end":{"line":20,"column":14}},"9":{"start":{"line":19,"column":12},"end":{"line":19,"column":52}},"10":{"start":{"line":21,"column":8},"end":{"line":21,"column":96}},"11":{"start":{"line":22,"column":8},"end":{"line":22,"column":142}},"12":{"start":{"line":26,"column":18},"end":{"line":35,"column":1}},"13":{"start":{"line":27,"column":13},"end":{"line":27,"column":26}},"14":{"start":{"line":30,"column":4},"end":{"line":33,"column":5}},"15":{"start":{"line":31,"column":8},"end":{"line":31,"column":80}},"16":{"start":{"line":32,"column":8},"end":{"line":32,"column":14}},"17":{"start":{"line":34,"column":4},"end":{"line":34,"column":10}},"18":{"start":{"line":37,"column":0},"end":{"line":40,"column":1}}},"fnMap":{"0":{"name":"(anonymous_0)","decl":{"start":{"line":12,"column":24},"end":{"line":12,"column":25}},"loc":{"start":{"line":12,"column":44},"end":{"line":24,"column":1}},"line":12},"1":{"name":"(anonymous_1)","decl":{"start":{"line":18,"column":66},"end":{"line":18,"column":67}},"loc":{"start":{"line":18,"column":89},"end":{"line":20,"column":9}},"line":18},"2":{"name":"(anonymous_2)","decl":{"start":{"line":26,"column":18},"end":{"line":26,"column":19}},"loc":{"start":{"line":26,"column":38},"end":{"line":35,"column":1}},"line":26}},"branchMap":{"0":{"loc":{"start":{"line":14,"column":4},"end":{"line":23,"column":5}},"type":"if","locations":[{"start":{"line":14,"column":4},"end":{"line":23,"column":5}},{"start":{"line":14,"column":4},"end":{"line":23,"column":5}}],"line":14},"1":{"loc":{"start":{"line":30,"column":4},"end":{"line":33,"column":5}},"type":"if","locations":[{"start":{"line":30,"column":4},"end":{"line":33,"column":5}},{"start":{"line":30,"column":4},"end":{"line":33,"column":5}}],"line":30}},"s":{"0":2,"1":2,"2":2,"3":2,"4":12,"5":12,"6":4,"7":4,"8":8,"9":8,"10":8,"11":8,"12":2,"13":7,"14":7,"15":2,"16":2,"17":5,"18":2},"f":{"0":12,"1":8,"2":7},"b":{"0":[4,8],"1":[2,5]},"_coverageSchema":"1a1c01bbd47fc00a2c39e90264f33305004495a9","hash":"2d18563724c552408afca66a1dc1d4554c397d81"}
,"C:\\Users\\Jancarlo\\Documents\\Cursos\\Nodejs\\vende-tus-productos-api\\api\\recursos\\usuarios\\usuarios.controller.js": {"path":"C:\\Users\\Jancarlo\\Documents\\Cursos\\Nodejs\\vende-tus-productos-api\\api\\recursos\\usuarios\\usuarios.controller.js","statementMap":{"0":{"start":{"line":1,"column":16},"end":{"line":1,"column":43}},"1":{"start":{"line":4,"column":4},"end":{"line":6,"column":6}},"2":{"start":{"line":10,"column":4},"end":{"line":13,"column":13}},"3":{"start":{"line":17,"column":4},"end":{"line":24,"column":6}},"4":{"start":{"line":18,"column":8},"end":{"line":23,"column":15}},"5":{"start":{"line":20,"column":15},"end":{"line":20,"column":50}},"6":{"start":{"line":22,"column":16},"end":{"line":22,"column":27}},"7":{"start":{"line":28,"column":4},"end":{"line":28,"column":62}},"8":{"start":{"line":28,"column":18},"end":{"line":28,"column":62}},"9":{"start":{"line":29,"column":4},"end":{"line":29,"column":39}},"10":{"start":{"line":29,"column":12},"end":{"line":29,"column":39}},"11":{"start":{"line":30,"column":4},"end":{"line":30,"column":104}},"12":{"start":{"line":32,"column":0},"end":{"line":37,"column":1}}},"fnMap":{"0":{"name":"obtenerUsuarios","decl":{"start":{"line":3,"column":9},"end":{"line":3,"column":24}},"loc":{"start":{"line":3,"column":26},"end":{"line":7,"column":1}},"line":3},"1":{"name":"crearUsuario","decl":{"start":{"line":9,"column":9},"end":{"line":9,"column":21}},"loc":{"start":{"line":9,"column":47},"end":{"line":14,"column":1}},"line":9},"2":{"name":"usuarioExiste","decl":{"start":{"line":16,"column":9},"end":{"line":16,"column":22}},"loc":{"start":{"line":16,"column":40},"end":{"line":25,"column":1}},"line":16},"3":{"name":"(anonymous_3)","decl":{"start":{"line":17,"column":23},"end":{"line":17,"column":24}},"loc":{"start":{"line":17,"column":43},"end":{"line":24,"column":5}},"line":17},"4":{"name":"(anonymous_4)","decl":{"start":{"line":19,"column":18},"end":{"line":19,"column":19}},"loc":{"start":{"line":19,"column":32},"end":{"line":21,"column":13}},"line":19},"5":{"name":"(anonymous_5)","decl":{"start":{"line":21,"column":21},"end":{"line":21,"column":22}},"loc":{"start":{"line":21,"column":30},"end":{"line":23,"column":13}},"line":21},"6":{"name":"obtenerUsuario","decl":{"start":{"line":27,"column":9},"end":{"line":27,"column":23}},"loc":{"start":{"line":27,"column":51},"end":{"line":31,"column":1}},"line":27}},"branchMap":{"0":{"loc":{"start":{"line":28,"column":4},"end":{"line":28,"column":62}},"type":"if","locations":[{"start":{"line":28,"column":4},"end":{"line":28,"column":62}},{"start":{"line":28,"column":4},"end":{"line":28,"column":62}}],"line":28},"1":{"loc":{"start":{"line":29,"column":4},"end":{"line":29,"column":39}},"type":"if","locations":[{"start":{"line":29,"column":4},"end":{"line":29,"column":39}},{"start":{"line":29,"column":4},"end":{"line":29,"column":39}}],"line":29}},"s":{"0":2,"1":2,"2":5,"3":7,"4":7,"5":7,"6":0,"7":23,"8":7,"9":16,"10":16,"11":0,"12":2},"f":{"0":2,"1":5,"2":7,"3":7,"4":7,"5":0,"6":23},"b":{"0":[7,16],"1":[16,0]},"_coverageSchema":"1a1c01bbd47fc00a2c39e90264f33305004495a9","hash":"8e789eeec72e8180ab57afccb949ab5f653c76d6"}
,"C:\\Users\\Jancarlo\\Documents\\Cursos\\Nodejs\\vende-tus-productos-api\\api\\recursos\\usuarios\\usuarios.error.js": {"path":"C:\\Users\\Jancarlo\\Documents\\Cursos\\Nodejs\\vende-tus-productos-api\\api\\recursos\\usuarios\\usuarios.error.js","statementMap":{"0":{"start":{"line":5,"column":8},"end":{"line":5,"column":22}},"1":{"start":{"line":6,"column":8},"end":{"line":6,"column":89}},"2":{"start":{"line":7,"column":8},"end":{"line":7,"column":25}},"3":{"start":{"line":8,"column":8},"end":{"line":8,"column":43}},"4":{"start":{"line":14,"column":8},"end":{"line":14,"column":22}},"5":{"start":{"line":15,"column":8},"end":{"line":15,"column":115}},"6":{"start":{"line":16,"column":8},"end":{"line":16,"column":25}},"7":{"start":{"line":17,"column":8},"end":{"line":17,"column":34}},"8":{"start":{"line":21,"column":0},"end":{"line":24,"column":1}}},"fnMap":{"0":{"name":"(anonymous_0)","decl":{"start":{"line":4,"column":4},"end":{"line":4,"column":5}},"loc":{"start":{"line":4,"column":25},"end":{"line":9,"column":5}},"line":4},"1":{"name":"(anonymous_1)","decl":{"start":{"line":13,"column":4},"end":{"line":13,"column":5}},"loc":{"start":{"line":13,"column":25},"end":{"line":18,"column":5}},"line":13}},"branchMap":{"0":{"loc":{"start":{"line":6,"column":23},"end":{"line":6,"column":89}},"type":"binary-expr","locations":[{"start":{"line":6,"column":23},"end":{"line":6,"column":30}},{"start":{"line":6,"column":34},"end":{"line":6,"column":89}}],"line":6},"1":{"loc":{"start":{"line":15,"column":23},"end":{"line":15,"column":115}},"type":"binary-expr","locations":[{"start":{"line":15,"column":23},"end":{"line":15,"column":30}},{"start":{"line":15,"column":34},"end":{"line":15,"column":115}}],"line":15}},"s":{"0":2,"1":2,"2":2,"3":2,"4":2,"5":2,"6":2,"7":2,"8":2},"f":{"0":2,"1":2},"b":{"0":[2,2],"1":[2,2]},"_coverageSchema":"1a1c01bbd47fc00a2c39e90264f33305004495a9","hash":"b7644f591bd73a9a47d542166f3418183ead089d"}
,"C:\\Users\\Jancarlo\\Documents\\Cursos\\Nodejs\\vende-tus-productos-api\\api\\recursos\\usuarios\\usuarios.model.js": {"path":"C:\\Users\\Jancarlo\\Documents\\Cursos\\Nodejs\\vende-tus-productos-api\\api\\recursos\\usuarios\\usuarios.model.js","statementMap":{"0":{"start":{"line":1,"column":17},"end":{"line":1,"column":36}},"1":{"start":{"line":4,"column":22},"end":{"line":19,"column":2}},"2":{"start":{"line":21,"column":0},"end":{"line":21,"column":57}}},"fnMap":{},"branchMap":{},"s":{"0":2,"1":2,"2":2},"f":{},"b":{},"_coverageSchema":"1a1c01bbd47fc00a2c39e90264f33305004495a9","hash":"5726aa22a150024f4ee66d7299f44d0938a23121"}
,"C:\\Users\\Jancarlo\\Documents\\Cursos\\Nodejs\\vende-tus-productos-api\\api\\recursos\\usuarios\\usuarios.routes.js": {"path":"C:\\Users\\Jancarlo\\Documents\\Cursos\\Nodejs\\vende-tus-productos-api\\api\\recursos\\usuarios\\usuarios.routes.js","statementMap":{"0":{"start":{"line":1,"column":16},"end":{"line":1,"column":34}},"1":{"start":{"line":3,"column":10},"end":{"line":3,"column":31}},"2":{"start":{"line":4,"column":15},"end":{"line":4,"column":32}},"3":{"start":{"line":5,"column":12},"end":{"line":5,"column":35}},"4":{"start":{"line":7,"column":12},"end":{"line":7,"column":44}},"5":{"start":{"line":8,"column":49},"end":{"line":8,"column":79}},"6":{"start":{"line":9,"column":59},"end":{"line":9,"column":86}},"7":{"start":{"line":11,"column":24},"end":{"line":11,"column":74}},"8":{"start":{"line":13,"column":15},"end":{"line":13,"column":41}},"9":{"start":{"line":15,"column":26},"end":{"line":15,"column":58}},"10":{"start":{"line":17,"column":23},"end":{"line":17,"column":39}},"11":{"start":{"line":20,"column":4},"end":{"line":20,"column":79}},"12":{"start":{"line":21,"column":4},"end":{"line":21,"column":70}},"13":{"start":{"line":22,"column":4},"end":{"line":22,"column":11}},"14":{"start":{"line":25,"column":0},"end":{"line":29,"column":3}},"15":{"start":{"line":26,"column":4},"end":{"line":28,"column":6}},"16":{"start":{"line":27,"column":8},"end":{"line":27,"column":26}},"17":{"start":{"line":31,"column":0},"end":{"line":49,"column":3}},"18":{"start":{"line":32,"column":23},"end":{"line":32,"column":31}},"19":{"start":{"line":34,"column":4},"end":{"line":48,"column":10}},"20":{"start":{"line":36,"column":12},"end":{"line":39,"column":13}},"21":{"start":{"line":37,"column":16},"end":{"line":37,"column":125}},"22":{"start":{"line":38,"column":16},"end":{"line":38,"column":49}},"23":{"start":{"line":41,"column":12},"end":{"line":41,"column":57}},"24":{"start":{"line":44,"column":12},"end":{"line":44,"column":79}},"25":{"start":{"line":47,"column":12},"end":{"line":47,"column":63}},"26":{"start":{"line":51,"column":0},"end":{"line":75,"column":3}},"27":{"start":{"line":52,"column":31},"end":{"line":52,"column":39}},"28":{"start":{"line":55,"column":4},"end":{"line":57,"column":6}},"29":{"start":{"line":59,"column":4},"end":{"line":62,"column":5}},"30":{"start":{"line":60,"column":8},"end":{"line":60,"column":97}},"31":{"start":{"line":61,"column":8},"end":{"line":61,"column":44}},"32":{"start":{"line":65,"column":4},"end":{"line":65,"column":104}},"33":{"start":{"line":66,"column":4},"end":{"line":74,"column":5}},"34":{"start":{"line":68,"column":20},"end":{"line":68,"column":122}},"35":{"start":{"line":69,"column":8},"end":{"line":69,"column":96}},"36":{"start":{"line":70,"column":8},"end":{"line":70,"column":39}},"37":{"start":{"line":72,"column":8},"end":{"line":72,"column":110}},"38":{"start":{"line":73,"column":8},"end":{"line":73,"column":44}},"39":{"start":{"line":76,"column":0},"end":{"line":76,"column":32}}},"fnMap":{"0":{"name":"transformarBodyALowerCase","decl":{"start":{"line":19,"column":9},"end":{"line":19,"column":34}},"loc":{"start":{"line":19,"column":49},"end":{"line":23,"column":1}},"line":19},"1":{"name":"(anonymous_1)","decl":{"start":{"line":25,"column":40},"end":{"line":25,"column":41}},"loc":{"start":{"line":25,"column":53},"end":{"line":29,"column":1}},"line":25},"2":{"name":"(anonymous_2)","decl":{"start":{"line":26,"column":53},"end":{"line":26,"column":54}},"loc":{"start":{"line":26,"column":67},"end":{"line":28,"column":5}},"line":26},"3":{"name":"(anonymous_3)","decl":{"start":{"line":31,"column":85},"end":{"line":31,"column":86}},"loc":{"start":{"line":31,"column":99},"end":{"line":49,"column":1}},"line":31},"4":{"name":"(anonymous_4)","decl":{"start":{"line":35,"column":15},"end":{"line":35,"column":16}},"loc":{"start":{"line":35,"column":34},"end":{"line":42,"column":9}},"line":35},"5":{"name":"(anonymous_5)","decl":{"start":{"line":43,"column":16},"end":{"line":43,"column":17}},"loc":{"start":{"line":43,"column":36},"end":{"line":45,"column":9}},"line":43},"6":{"name":"(anonymous_6)","decl":{"start":{"line":46,"column":15},"end":{"line":46,"column":16}},"loc":{"start":{"line":46,"column":33},"end":{"line":48,"column":9}},"line":46},"7":{"name":"(anonymous_7)","decl":{"start":{"line":51,"column":96},"end":{"line":51,"column":97}},"loc":{"start":{"line":51,"column":116},"end":{"line":75,"column":1}},"line":51}},"branchMap":{"0":{"loc":{"start":{"line":20,"column":4},"end":{"line":20,"column":78}},"type":"binary-expr","locations":[{"start":{"line":20,"column":4},"end":{"line":20,"column":21}},{"start":{"line":20,"column":26},"end":{"line":20,"column":77}}],"line":20},"1":{"loc":{"start":{"line":21,"column":4},"end":{"line":21,"column":69}},"type":"binary-expr","locations":[{"start":{"line":21,"column":4},"end":{"line":21,"column":18}},{"start":{"line":21,"column":23},"end":{"line":21,"column":68}}],"line":21},"2":{"loc":{"start":{"line":36,"column":12},"end":{"line":39,"column":13}},"type":"if","locations":[{"start":{"line":36,"column":12},"end":{"line":39,"column":13}},{"start":{"line":36,"column":12},"end":{"line":39,"column":13}}],"line":36},"3":{"loc":{"start":{"line":59,"column":4},"end":{"line":62,"column":5}},"type":"if","locations":[{"start":{"line":59,"column":4},"end":{"line":62,"column":5}},{"start":{"line":59,"column":4},"end":{"line":62,"column":5}}],"line":59},"4":{"loc":{"start":{"line":66,"column":4},"end":{"line":74,"column":5}},"type":"if","locations":[{"start":{"line":66,"column":4},"end":{"line":74,"column":5}},{"start":{"line":66,"column":4},"end":{"line":74,"column":5}}],"line":66}},"s":{"0":2,"1":2,"2":2,"3":2,"4":2,"5":2,"6":2,"7":2,"8":2,"9":2,"10":2,"11":14,"12":14,"13":14,"14":2,"15":2,"16":2,"17":2,"18":7,"19":7,"20":7,"21":2,"22":2,"23":5,"24":5,"25":5,"26":2,"27":7,"28":7,"29":7,"30":1,"31":1,"32":6,"33":6,"34":5,"35":5,"36":5,"37":1,"38":1,"39":2},"f":{"0":14,"1":2,"2":2,"3":7,"4":7,"5":5,"6":5,"7":7},"b":{"0":[14,14],"1":[14,7],"2":[2,5],"3":[1,6],"4":[5,1]},"_coverageSchema":"1a1c01bbd47fc00a2c39e90264f33305004495a9","hash":"f3acfbfc0737e2f5e06eaf6925dca956a2ee8b29"}
,"C:\\Users\\Jancarlo\\Documents\\Cursos\\Nodejs\\vende-tus-productos-api\\api\\recursos\\usuarios\\usuarios.validate.js": {"path":"C:\\Users\\Jancarlo\\Documents\\Cursos\\Nodejs\\vende-tus-productos-api\\api\\recursos\\usuarios\\usuarios.validate.js","statementMap":{"0":{"start":{"line":1,"column":12},"end":{"line":1,"column":26}},"1":{"start":{"line":2,"column":12},"end":{"line":2,"column":44}},"2":{"start":{"line":4,"column":25},"end":{"line":8,"column":2}},"3":{"start":{"line":11,"column":23},"end":{"line":21,"column":1}},"4":{"start":{"line":12,"column":22},"end":{"line":12,"column":99}},"5":{"start":{"line":14,"column":4},"end":{"line":20,"column":5}},"6":{"start":{"line":15,"column":8},"end":{"line":15,"column":14}},"7":{"start":{"line":18,"column":8},"end":{"line":18,"column":101}},"8":{"start":{"line":18,"column":86},"end":{"line":18,"column":99}},"9":{"start":{"line":19,"column":8},"end":{"line":19,"column":241}},"10":{"start":{"line":23,"column":31},"end":{"line":26,"column":2}},"11":{"start":{"line":28,"column":27},"end":{"line":36,"column":1}},"12":{"start":{"line":29,"column":22},"end":{"line":29,"column":105}},"13":{"start":{"line":31,"column":4},"end":{"line":35,"column":5}},"14":{"start":{"line":32,"column":8},"end":{"line":32,"column":14}},"15":{"start":{"line":34,"column":8},"end":{"line":34,"column":126}},"16":{"start":{"line":38,"column":0},"end":{"line":41,"column":1}}},"fnMap":{"0":{"name":"(anonymous_0)","decl":{"start":{"line":11,"column":23},"end":{"line":11,"column":24}},"loc":{"start":{"line":11,"column":43},"end":{"line":21,"column":1}},"line":11},"1":{"name":"(anonymous_1)","decl":{"start":{"line":18,"column":77},"end":{"line":18,"column":78}},"loc":{"start":{"line":18,"column":86},"end":{"line":18,"column":99}},"line":18},"2":{"name":"(anonymous_2)","decl":{"start":{"line":28,"column":27},"end":{"line":28,"column":28}},"loc":{"start":{"line":28,"column":47},"end":{"line":36,"column":1}},"line":28}},"branchMap":{"0":{"loc":{"start":{"line":14,"column":4},"end":{"line":20,"column":5}},"type":"if","locations":[{"start":{"line":14,"column":4},"end":{"line":20,"column":5}},{"start":{"line":14,"column":4},"end":{"line":20,"column":5}}],"line":14},"1":{"loc":{"start":{"line":31,"column":4},"end":{"line":35,"column":5}},"type":"if","locations":[{"start":{"line":31,"column":4},"end":{"line":35,"column":5}},{"start":{"line":31,"column":4},"end":{"line":35,"column":5}}],"line":31}},"s":{"0":2,"1":2,"2":2,"3":2,"4":15,"5":15,"6":7,"7":8,"8":8,"9":8,"10":2,"11":2,"12":9,"13":9,"14":7,"15":2,"16":2},"f":{"0":15,"1":8,"2":9},"b":{"0":[7,8],"1":[7,2]},"_coverageSchema":"1a1c01bbd47fc00a2c39e90264f33305004495a9","hash":"300c1d505c0607aab88ee3d6741207d69c75a12b"}
,"C:\\Users\\Jancarlo\\Documents\\Cursos\\Nodejs\\vende-tus-productos-api\\config\\index.js": {"path":"C:\\Users\\Jancarlo\\Documents\\Cursos\\Nodejs\\vende-tus-productos-api\\config\\index.js","statementMap":{"0":{"start":{"line":1,"column":17},"end":{"line":1,"column":53}},"1":{"start":{"line":3,"column":26},"end":{"line":7,"column":1}},"2":{"start":{"line":9,"column":30},"end":{"line":9,"column":32}},"3":{"start":{"line":11,"column":0},"end":{"line":27,"column":1}},"4":{"start":{"line":16,"column":8},"end":{"line":16,"column":50}},"5":{"start":{"line":17,"column":8},"end":{"line":17,"column":13}},"6":{"start":{"line":20,"column":8},"end":{"line":20,"column":51}},"7":{"start":{"line":21,"column":8},"end":{"line":21,"column":13}},"8":{"start":{"line":23,"column":8},"end":{"line":23,"column":51}},"9":{"start":{"line":24,"column":8},"end":{"line":24,"column":14}},"10":{"start":{"line":26,"column":8},"end":{"line":26,"column":50}},"11":{"start":{"line":29,"column":10},"end":{"line":32,"column":1}},"12":{"start":{"line":34,"column":0},"end":{"line":37,"column":1}}},"fnMap":{},"branchMap":{"0":{"loc":{"start":{"line":1,"column":17},"end":{"line":1,"column":53}},"type":"binary-expr","locations":[{"start":{"line":1,"column":17},"end":{"line":1,"column":37}},{"start":{"line":1,"column":41},"end":{"line":1,"column":53}}],"line":1},"1":{"loc":{"start":{"line":11,"column":0},"end":{"line":27,"column":1}},"type":"switch","locations":[{"start":{"line":13,"column":4},"end":{"line":13,"column":21}},{"start":{"line":14,"column":4},"end":{"line":14,"column":15}},{"start":{"line":15,"column":4},"end":{"line":17,"column":13}},{"start":{"line":18,"column":4},"end":{"line":18,"column":22}},{"start":{"line":19,"column":4},"end":{"line":21,"column":13}},{"start":{"line":22,"column":4},"end":{"line":24,"column":14}},{"start":{"line":25,"column":4},"end":{"line":26,"column":50}}],"line":11}},"s":{"0":2,"1":2,"2":2,"3":2,"4":0,"5":0,"6":0,"7":0,"8":2,"9":2,"10":0,"11":2,"12":2},"f":{},"b":{"0":[2,0],"1":[0,0,0,0,0,2,0]},"_coverageSchema":"1a1c01bbd47fc00a2c39e90264f33305004495a9","hash":"73e22388565ead65858350d28ec4e66dae942d1c"}
,"C:\\Users\\Jancarlo\\Documents\\Cursos\\Nodejs\\vende-tus-productos-api\\config\\test.js": {"path":"C:\\Users\\Jancarlo\\Documents\\Cursos\\Nodejs\\vende-tus-productos-api\\config\\test.js","statementMap":{"0":{"start":{"line":1,"column":0},"end":{"line":7,"column":1}}},"fnMap":{},"branchMap":{},"s":{"0":2},"f":{},"b":{},"_coverageSchema":"1a1c01bbd47fc00a2c39e90264f33305004495a9","hash":"86f8f5f76cdb84f523f66a3211558452461ba684"}
,"C:\\Users\\Jancarlo\\Documents\\Cursos\\Nodejs\\vende-tus-productos-api\\utils\\logger.js": {"path":"C:\\Users\\Jancarlo\\Documents\\Cursos\\Nodejs\\vende-tus-productos-api\\utils\\logger.js","statementMap":{"0":{"start":{"line":1,"column":16},"end":{"line":1,"column":34}},"1":{"start":{"line":2,"column":15},"end":{"line":2,"column":35}},"2":{"start":{"line":16,"column":21},"end":{"line":19,"column":2}},"3":{"start":{"line":17,"column":2},"end":{"line":17,"column":62}},"4":{"start":{"line":18,"column":2},"end":{"line":18,"column":13}},"5":{"start":{"line":21,"column":0},"end":{"line":43,"column":2}}},"fnMap":{"0":{"name":"(anonymous_0)","decl":{"start":{"line":16,"column":36},"end":{"line":16,"column":37}},"loc":{"start":{"line":16,"column":46},"end":{"line":19,"column":1}},"line":16}},"branchMap":{"0":{"loc":{"start":{"line":24,"column":13},"end":{"line":24,"column":52}},"type":"cond-expr","locations":[{"start":{"line":24,"column":35},"end":{"line":24,"column":42}},{"start":{"line":24,"column":45},"end":{"line":24,"column":52}}],"line":24}},"s":{"0":2,"1":2,"2":2,"3":97,"4":97,"5":2},"f":{"0":97},"b":{"0":[2,0]},"_coverageSchema":"1a1c01bbd47fc00a2c39e90264f33305004495a9","hash":"d9e7ec41e356c0406d6482827af33eb2566370f2"}
}
