TN:
SF:index.js
FN:24,(anonymous_0)
FN:36,(anonymous_1)
FN:52,(anonymous_2)
FN:57,(anonymous_3)
FNF:4
FNH:2
FNDA:0,(anonymous_0)
FNDA:48,(anonymous_1)
FNDA:0,(anonymous_2)
FNDA:2,(anonymous_3)
DA:1,2
DA:2,2
DA:4,2
DA:5,2
DA:7,2
DA:8,2
DA:9,2
DA:12,2
DA:15,2
DA:16,2
DA:19,2
DA:20,2
DA:23,2
DA:24,2
DA:25,0
DA:26,0
DA:29,2
DA:31,2
DA:32,2
DA:33,2
DA:34,2
DA:36,48
DA:40,2
DA:42,2
DA:43,2
DA:45,2
DA:46,2
DA:47,0
DA:49,2
DA:52,2
DA:53,0
DA:54,0
DA:57,2
DA:58,2
DA:61,2
LF:35
LH:30
BRDA:46,0,0,0
BRDA:46,0,1,2
BRF:2
BRH:1
end_of_record
TN:
SF:api\libs\auth.js
FN:15,(anonymous_0)
FN:17,(anonymous_1)
FN:30,(anonymous_2)
FNF:3
FNH:2
FNDA:16,(anonymous_0)
FNDA:16,(anonymous_1)
FNDA:0,(anonymous_2)
DA:1,2
DA:2,2
DA:4,2
DA:5,2
DA:6,2
DA:10,2
DA:15,2
DA:17,16
DA:18,16
DA:19,0
DA:20,0
DA:21,0
DA:23,16
DA:24,16
DA:31,0
DA:32,0
DA:33,0
LF:17
LH:11
BRDA:18,0,0,0
BRDA:18,0,1,16
BRF:2
BRH:1
end_of_record
TN:
SF:api\libs\errorHandler.js
FN:4,(anonymous_0)
FN:5,(anonymous_1)
FN:10,(anonymous_2)
FN:19,(anonymous_3)
FN:26,(anonymous_4)
FNF:5
FNH:4
FNDA:16,(anonymous_0)
FNDA:25,(anonymous_1)
FNDA:9,(anonymous_2)
FNDA:0,(anonymous_3)
FNDA:9,(anonymous_4)
DA:1,2
DA:2,2
DA:4,2
DA:5,16
DA:6,25
DA:10,2
DA:11,9
DA:12,0
DA:13,0
DA:14,0
DA:16,9
DA:19,2
DA:20,0
DA:21,0
DA:26,2
DA:27,9
DA:28,9
DA:29,9
LF:18
LH:13
BRDA:11,0,0,0
BRDA:11,0,1,9
BRDA:11,1,0,9
BRDA:11,1,1,9
BRDA:20,2,0,0
BRDA:20,2,1,0
BRDA:27,3,0,9
BRDA:27,3,1,0
BRDA:31,4,0,9
BRDA:31,4,1,0
BRF:10
BRH:5
end_of_record
TN:
SF:api\recursos\productos\productos.controller.js
FN:19,crearProducto
FN:26,obtenerProductos
FN:30,obtenerProducto
FN:34,borrarProducto
FN:38,reemplazarProducto
FNF:5
FNH:4
FNDA:1,crearProducto
FNDA:0,obtenerProductos
FNDA:8,obtenerProducto
FNDA:1,borrarProducto
FNDA:1,reemplazarProducto
DA:2,2
DA:20,1
DA:27,0
DA:31,8
DA:35,1
DA:39,1
DA:46,2
LF:7
LH:6
BRF:0
BRH:0
end_of_record
TN:
SF:api\recursos\productos\productos.error.js
FN:3,(anonymous_0)
FN:12,(anonymous_1)
FNF:2
FNH:2
FNDA:3,(anonymous_0)
FNDA:2,(anonymous_1)
DA:4,3
DA:5,3
DA:6,3
DA:7,3
DA:13,2
DA:14,2
DA:15,2
DA:16,2
DA:20,2
LF:9
LH:9
BRDA:5,0,0,3
BRDA:5,0,1,0
BRDA:14,1,0,2
BRDA:14,1,1,0
BRF:4
BRH:2
end_of_record
TN:
SF:api\recursos\productos\productos.model.js
FNF:0
FNH:0
DA:1,2
DA:3,2
DA:25,2
LF:3
LH:3
BRF:0
BRH:0
end_of_record
TN:
SF:api\recursos\productos\productos.route.js
FN:20,(anonymous_0)
FN:22,(anonymous_1)
FN:27,(anonymous_2)
FN:29,(anonymous_3)
FN:35,(anonymous_4)
FN:38,(anonymous_5)
FN:45,(anonymous_6)
FN:62,(anonymous_7)
FN:68,(anonymous_8)
FNF:9
FNH:7
FNDA:0,(anonymous_0)
FNDA:0,(anonymous_1)
FNDA:1,(anonymous_2)
FNDA:1,(anonymous_3)
FNDA:2,(anonymous_4)
FNDA:2,(anonymous_5)
FNDA:3,(anonymous_6)
FNDA:1,(anonymous_7)
FNDA:3,(anonymous_8)
DA:1,2
DA:2,2
DA:4,2
DA:5,2
DA:7,2
DA:8,2
DA:10,2
DA:12,2
DA:15,2
DA:18,2
DA:20,2
DA:21,0
DA:23,0
DA:27,2
DA:28,1
DA:30,1
DA:31,1
DA:35,2
DA:36,2
DA:37,2
DA:39,2
DA:40,1
DA:45,2
DA:46,3
DA:47,3
DA:50,3
DA:52,3
DA:53,1
DA:56,2
DA:57,1
DA:58,1
DA:61,1
DA:63,1
DA:64,1
DA:68,2
DA:69,3
DA:72,3
DA:73,3
DA:74,1
DA:75,1
DA:78,2
DA:79,2
DA:80,1
DA:81,1
DA:84,1
DA:85,1
DA:86,1
DA:89,2
LF:48
LH:46
BRDA:39,0,0,1
BRDA:39,0,1,1
BRDA:52,1,0,1
BRDA:52,1,1,2
BRDA:56,2,0,1
BRDA:56,2,1,1
BRDA:73,3,0,1
BRDA:73,3,1,2
BRDA:79,4,0,1
BRDA:79,4,1,1
BRF:10
BRH:10
end_of_record
TN:
SF:api\recursos\productos\productos.validate.js
FN:12,(anonymous_0)
FN:18,(anonymous_1)
FN:26,(anonymous_2)
FNF:3
FNH:3
FNDA:12,(anonymous_0)
FNDA:8,(anonymous_1)
FNDA:7,(anonymous_2)
DA:1,2
DA:2,2
DA:5,2
DA:12,2
DA:13,12
DA:14,12
DA:15,4
DA:16,4
DA:18,8
DA:19,8
DA:21,8
DA:22,8
DA:26,2
DA:27,7
DA:30,7
DA:31,2
DA:32,2
DA:34,5
DA:37,2
LF:19
LH:19
BRDA:14,0,0,4
BRDA:14,0,1,8
BRDA:30,1,0,2
BRDA:30,1,1,5
BRF:4
BRH:4
end_of_record
TN:
SF:api\recursos\usuarios\usuarios.controller.js
FN:3,obtenerUsuarios
FN:9,crearUsuario
FN:16,usuarioExiste
FN:17,(anonymous_3)
FN:19,(anonymous_4)
FN:21,(anonymous_5)
FN:27,obtenerUsuario
FNF:7
FNH:6
FNDA:2,obtenerUsuarios
FNDA:5,crearUsuario
FNDA:7,usuarioExiste
FNDA:7,(anonymous_3)
FNDA:7,(anonymous_4)
FNDA:0,(anonymous_5)
FNDA:23,obtenerUsuario
DA:1,2
DA:4,2
DA:10,5
DA:17,7
DA:18,7
DA:20,7
DA:22,0
DA:28,23
DA:29,16
DA:30,0
DA:32,2
LF:11
LH:9
BRDA:28,0,0,7
BRDA:28,0,1,16
BRDA:29,1,0,16
BRDA:29,1,1,0
BRF:4
BRH:3
end_of_record
TN:
SF:api\recursos\usuarios\usuarios.error.js
FN:4,(anonymous_0)
FN:13,(anonymous_1)
FNF:2
FNH:2
FNDA:2,(anonymous_0)
FNDA:2,(anonymous_1)
DA:5,2
DA:6,2
DA:7,2
DA:8,2
DA:14,2
DA:15,2
DA:16,2
DA:17,2
DA:21,2
LF:9
LH:9
BRDA:6,0,0,2
BRDA:6,0,1,2
BRDA:15,1,0,2
BRDA:15,1,1,2
BRF:4
BRH:4
end_of_record
TN:
SF:api\recursos\usuarios\usuarios.model.js
FNF:0
FNH:0
DA:1,2
DA:4,2
DA:21,2
LF:3
LH:3
BRF:0
BRH:0
end_of_record
TN:
SF:api\recursos\usuarios\usuarios.routes.js
FN:19,transformarBodyALowerCase
FN:25,(anonymous_1)
FN:26,(anonymous_2)
FN:31,(anonymous_3)
FN:35,(anonymous_4)
FN:43,(anonymous_5)
FN:46,(anonymous_6)
FN:51,(anonymous_7)
FNF:8
FNH:8
FNDA:14,transformarBodyALowerCase
FNDA:2,(anonymous_1)
FNDA:2,(anonymous_2)
FNDA:7,(anonymous_3)
FNDA:7,(anonymous_4)
FNDA:5,(anonymous_5)
FNDA:5,(anonymous_6)
FNDA:7,(anonymous_7)
DA:1,2
DA:3,2
DA:4,2
DA:5,2
DA:7,2
DA:8,2
DA:9,2
DA:11,2
DA:13,2
DA:15,2
DA:17,2
DA:20,14
DA:21,14
DA:22,14
DA:25,2
DA:26,2
DA:27,2
DA:31,2
DA:32,7
DA:34,7
DA:36,7
DA:37,2
DA:38,2
DA:41,5
DA:44,5
DA:47,5
DA:51,2
DA:52,7
DA:55,7
DA:59,7
DA:60,1
DA:61,1
DA:65,6
DA:66,6
DA:68,5
DA:69,5
DA:70,5
DA:72,1
DA:73,1
DA:76,2
LF:40
LH:40
BRDA:20,0,0,14
BRDA:20,0,1,14
BRDA:21,1,0,14
BRDA:21,1,1,7
BRDA:36,2,0,2
BRDA:36,2,1,5
BRDA:59,3,0,1
BRDA:59,3,1,6
BRDA:66,4,0,5
BRDA:66,4,1,1
BRF:10
BRH:10
end_of_record
TN:
SF:api\recursos\usuarios\usuarios.validate.js
FN:11,(anonymous_0)
FN:18,(anonymous_1)
FN:28,(anonymous_2)
FNF:3
FNH:3
FNDA:15,(anonymous_0)
FNDA:8,(anonymous_1)
FNDA:9,(anonymous_2)
DA:1,2
DA:2,2
DA:4,2
DA:11,2
DA:12,15
DA:14,15
DA:15,7
DA:18,8
DA:19,8
DA:23,2
DA:28,2
DA:29,9
DA:31,9
DA:32,7
DA:34,2
DA:38,2
LF:16
LH:16
BRDA:14,0,0,7
BRDA:14,0,1,8
BRDA:31,1,0,7
BRDA:31,1,1,2
BRF:4
BRH:4
end_of_record
TN:
SF:config\index.js
FNF:0
FNH:0
DA:1,2
DA:3,2
DA:9,2
DA:11,2
DA:16,0
DA:17,0
DA:20,0
DA:21,0
DA:23,2
DA:24,2
DA:26,0
DA:29,2
DA:34,2
LF:13
LH:8
BRDA:1,0,0,2
BRDA:1,0,1,0
BRDA:11,1,0,0
BRDA:11,1,1,0
BRDA:11,1,2,0
BRDA:11,1,3,0
BRDA:11,1,4,0
BRDA:11,1,5,2
BRDA:11,1,6,0
BRF:9
BRH:2
end_of_record
TN:
SF:config\test.js
FNF:0
FNH:0
DA:1,2
LF:1
LH:1
BRF:0
BRH:0
end_of_record
TN:
SF:utils\logger.js
FN:16,(anonymous_0)
FNF:1
FNH:1
FNDA:97,(anonymous_0)
DA:1,2
DA:2,2
DA:16,2
DA:17,97
DA:18,97
DA:21,2
LF:6
LH:6
BRDA:24,0,0,2
BRDA:24,0,1,0
BRF:2
BRH:1
end_of_record
